The system is: Linux - 3.15.10-201.fc20.i686 - i686
Compiling the C compiler identification source file "CMakeCCompilerId.c" succeeded.
Compiler: /usr/bin/cc 
Build flags: 
Id flags: 

The output was:
0


Compilation of the C compiler identification source "CMakeCCompilerId.c" produced "a.out"

The C compiler identification is GNU, found in "/home/ck/TimePass/src/build/CMakeFiles/2.8.12.2/CompilerIdC/a.out"

Compiling the CXX compiler identification source file "CMakeCXXCompilerId.cpp" succeeded.
Compiler: /usr/bin/c++ 
Build flags: 
Id flags: 

The output was:
0


Compilation of the CXX compiler identification source "CMakeCXXCompilerId.cpp" produced "a.out"

The CXX compiler identification is GNU, found in "/home/ck/TimePass/src/build/CMakeFiles/2.8.12.2/CompilerIdCXX/a.out"

Determining if the C compiler works passed with the following output:
Change Dir: /home/ck/TimePass/src/build/CMakeFiles/CMakeTmp

Run Build Command:/usr/bin/gmake "cmTryCompileExec3527521939/fast"
/usr/bin/gmake -f CMakeFiles/cmTryCompileExec3527521939.dir/build.make CMakeFiles/cmTryCompileExec3527521939.dir/build
gmake[1]: 进入目录“/home/ck/TimePass/src/build/CMakeFiles/CMakeTmp”
/usr/bin/cmake -E cmake_progress_report /home/ck/TimePass/src/build/CMakeFiles/CMakeTmp/CMakeFiles 1
Building C object CMakeFiles/cmTryCompileExec3527521939.dir/testCCompiler.c.o
/usr/bin/cc    -o CMakeFiles/cmTryCompileExec3527521939.dir/testCCompiler.c.o   -c /home/ck/TimePass/src/build/CMakeFiles/CMakeTmp/testCCompiler.c
Linking C executable cmTryCompileExec3527521939
/usr/bin/cmake -E cmake_link_script CMakeFiles/cmTryCompileExec3527521939.dir/link.txt --verbose=1
/usr/bin/cc       CMakeFiles/cmTryCompileExec3527521939.dir/testCCompiler.c.o  -o cmTryCompileExec3527521939 -rdynamic 
gmake[1]: 离开目录“/home/ck/TimePass/src/build/CMakeFiles/CMakeTmp”


Detecting C compiler ABI info compiled with the following output:
Change Dir: /home/ck/TimePass/src/build/CMakeFiles/CMakeTmp

Run Build Command:/usr/bin/gmake "cmTryCompileExec584510029/fast"
/usr/bin/gmake -f CMakeFiles/cmTryCompileExec584510029.dir/build.make CMakeFiles/cmTryCompileExec584510029.dir/build
gmake[1]: 进入目录“/home/ck/TimePass/src/build/CMakeFiles/CMakeTmp”
/usr/bin/cmake -E cmake_progress_report /home/ck/TimePass/src/build/CMakeFiles/CMakeTmp/CMakeFiles 1
Building C object CMakeFiles/cmTryCompileExec584510029.dir/CMakeCCompilerABI.c.o
/usr/bin/cc    -o CMakeFiles/cmTryCompileExec584510029.dir/CMakeCCompilerABI.c.o   -c /usr/share/cmake/Modules/CMakeCCompilerABI.c
Linking C executable cmTryCompileExec584510029
/usr/bin/cmake -E cmake_link_script CMakeFiles/cmTryCompileExec584510029.dir/link.txt --verbose=1
/usr/bin/cc     -v CMakeFiles/cmTryCompileExec584510029.dir/CMakeCCompilerABI.c.o  -o cmTryCompileExec584510029 -rdynamic  
使用内建 specs。
COLLECT_GCC=/usr/bin/cc
COLLECT_LTO_WRAPPER=/usr/libexec/gcc/i686-redhat-linux/4.8.3/lto-wrapper
目标：i686-redhat-linux
配置为：../configure --prefix=/usr --mandir=/usr/share/man --infodir=/usr/share/info --with-bugurl=http://bugzilla.redhat.com/bugzilla --enable-bootstrap --enable-shared --enable-threads=posix --enable-checking=release --with-system-zlib --enable-__cxa_atexit --disable-libunwind-exceptions --enable-gnu-unique-object --enable-linker-build-id --with-linker-hash-style=gnu --enable-languages=c,c++,objc,obj-c++,java,fortran,ada,go,lto --enable-plugin --enable-initfini-array --enable-java-awt=gtk --disable-dssi --with-java-home=/usr/lib/jvm/java-1.5.0-gcj-1.5.0.0/jre --enable-libgcj-multifile --enable-java-maintainer-mode --with-ecj-jar=/usr/share/java/eclipse-ecj.jar --disable-libjava-multilib --with-isl=/builddir/build/BUILD/gcc-4.8.3-20140624/obj-i686-redhat-linux/isl-install --with-cloog=/builddir/build/BUILD/gcc-4.8.3-20140624/obj-i686-redhat-linux/cloog-install --with-tune=generic --with-arch=i686 --build=i686-redhat-linux
线程模型：posix
gcc 版本 4.8.3 20140624 (Red Hat 4.8.3-1) (GCC) 
COMPILER_PATH=/usr/libexec/gcc/i686-redhat-linux/4.8.3/:/usr/libexec/gcc/i686-redhat-linux/4.8.3/:/usr/libexec/gcc/i686-redhat-linux/:/usr/lib/gcc/i686-redhat-linux/4.8.3/:/usr/lib/gcc/i686-redhat-linux/
LIBRARY_PATH=/usr/lib/gcc/i686-redhat-linux/4.8.3/:/usr/lib/gcc/i686-redhat-linux/4.8.3/../../../:/lib/:/usr/lib/
COLLECT_GCC_OPTIONS='-v' '-o' 'cmTryCompileExec584510029' '-rdynamic' '-mtune=generic' '-march=i686'
 /usr/libexec/gcc/i686-redhat-linux/4.8.3/collect2 --build-id --no-add-needed --eh-frame-hdr --hash-style=gnu -m elf_i386 -export-dynamic -dynamic-linker /lib/ld-linux.so.2 -o cmTryCompileExec584510029 /usr/lib/gcc/i686-redhat-linux/4.8.3/../../../crt1.o /usr/lib/gcc/i686-redhat-linux/4.8.3/../../../crti.o /usr/lib/gcc/i686-redhat-linux/4.8.3/crtbegin.o -L/usr/lib/gcc/i686-redhat-linux/4.8.3 -L/usr/lib/gcc/i686-redhat-linux/4.8.3/../../.. CMakeFiles/cmTryCompileExec584510029.dir/CMakeCCompilerABI.c.o -lgcc --as-needed -lgcc_s --no-as-needed -lc -lgcc --as-needed -lgcc_s --no-as-needed /usr/lib/gcc/i686-redhat-linux/4.8.3/crtend.o /usr/lib/gcc/i686-redhat-linux/4.8.3/../../../crtn.o
gmake[1]: 离开目录“/home/ck/TimePass/src/build/CMakeFiles/CMakeTmp”


Parsed C implicit link information from above output:
  link line regex: [^( *|.*[/\])(ld|([^/\]+-)?ld|collect2)[^/\]*( |$)]
  ignore line: [Change Dir: /home/ck/TimePass/src/build/CMakeFiles/CMakeTmp]
  ignore line: []
  ignore line: [Run Build Command:/usr/bin/gmake "cmTryCompileExec584510029/fast"]
  ignore line: [/usr/bin/gmake -f CMakeFiles/cmTryCompileExec584510029.dir/build.make CMakeFiles/cmTryCompileExec584510029.dir/build]
  ignore line: [gmake[1]: 进入目录“/home/ck/TimePass/src/build/CMakeFiles/CMakeTmp”]
  ignore line: [/usr/bin/cmake -E cmake_progress_report /home/ck/TimePass/src/build/CMakeFiles/CMakeTmp/CMakeFiles 1]
  ignore line: [Building C object CMakeFiles/cmTryCompileExec584510029.dir/CMakeCCompilerABI.c.o]
  ignore line: [/usr/bin/cc    -o CMakeFiles/cmTryCompileExec584510029.dir/CMakeCCompilerABI.c.o   -c /usr/share/cmake/Modules/CMakeCCompilerABI.c]
  ignore line: [Linking C executable cmTryCompileExec584510029]
  ignore line: [/usr/bin/cmake -E cmake_link_script CMakeFiles/cmTryCompileExec584510029.dir/link.txt --verbose=1]
  ignore line: [/usr/bin/cc     -v CMakeFiles/cmTryCompileExec584510029.dir/CMakeCCompilerABI.c.o  -o cmTryCompileExec584510029 -rdynamic  ]
  ignore line: [使用内建 specs。]
  ignore line: [COLLECT_GCC=/usr/bin/cc]
  ignore line: [COLLECT_LTO_WRAPPER=/usr/libexec/gcc/i686-redhat-linux/4.8.3/lto-wrapper]
  ignore line: [目标：i686-redhat-linux]
  ignore line: [配置为：../configure --prefix=/usr --mandir=/usr/share/man --infodir=/usr/share/info --with-bugurl=http://bugzilla.redhat.com/bugzilla --enable-bootstrap --enable-shared --enable-threads=posix --enable-checking=release --with-system-zlib --enable-__cxa_atexit --disable-libunwind-exceptions --enable-gnu-unique-object --enable-linker-build-id --with-linker-hash-style=gnu --enable-languages=c,c++,objc,obj-c++,java,fortran,ada,go,lto --enable-plugin --enable-initfini-array --enable-java-awt=gtk --disable-dssi --with-java-home=/usr/lib/jvm/java-1.5.0-gcj-1.5.0.0/jre --enable-libgcj-multifile --enable-java-maintainer-mode --with-ecj-jar=/usr/share/java/eclipse-ecj.jar --disable-libjava-multilib --with-isl=/builddir/build/BUILD/gcc-4.8.3-20140624/obj-i686-redhat-linux/isl-install --with-cloog=/builddir/build/BUILD/gcc-4.8.3-20140624/obj-i686-redhat-linux/cloog-install --with-tune=generic --with-arch=i686 --build=i686-redhat-linux]
  ignore line: [线程模型：posix]
  ignore line: [gcc 版本 4.8.3 20140624 (Red Hat 4.8.3-1) (GCC) ]
  ignore line: [COMPILER_PATH=/usr/libexec/gcc/i686-redhat-linux/4.8.3/:/usr/libexec/gcc/i686-redhat-linux/4.8.3/:/usr/libexec/gcc/i686-redhat-linux/:/usr/lib/gcc/i686-redhat-linux/4.8.3/:/usr/lib/gcc/i686-redhat-linux/]
  ignore line: [LIBRARY_PATH=/usr/lib/gcc/i686-redhat-linux/4.8.3/:/usr/lib/gcc/i686-redhat-linux/4.8.3/../../../:/lib/:/usr/lib/]
  ignore line: [COLLECT_GCC_OPTIONS='-v' '-o' 'cmTryCompileExec584510029' '-rdynamic' '-mtune=generic' '-march=i686']
  link line: [ /usr/libexec/gcc/i686-redhat-linux/4.8.3/collect2 --build-id --no-add-needed --eh-frame-hdr --hash-style=gnu -m elf_i386 -export-dynamic -dynamic-linker /lib/ld-linux.so.2 -o cmTryCompileExec584510029 /usr/lib/gcc/i686-redhat-linux/4.8.3/../../../crt1.o /usr/lib/gcc/i686-redhat-linux/4.8.3/../../../crti.o /usr/lib/gcc/i686-redhat-linux/4.8.3/crtbegin.o -L/usr/lib/gcc/i686-redhat-linux/4.8.3 -L/usr/lib/gcc/i686-redhat-linux/4.8.3/../../.. CMakeFiles/cmTryCompileExec584510029.dir/CMakeCCompilerABI.c.o -lgcc --as-needed -lgcc_s --no-as-needed -lc -lgcc --as-needed -lgcc_s --no-as-needed /usr/lib/gcc/i686-redhat-linux/4.8.3/crtend.o /usr/lib/gcc/i686-redhat-linux/4.8.3/../../../crtn.o]
    arg [/usr/libexec/gcc/i686-redhat-linux/4.8.3/collect2] ==> ignore
    arg [--build-id] ==> ignore
    arg [--no-add-needed] ==> ignore
    arg [--eh-frame-hdr] ==> ignore
    arg [--hash-style=gnu] ==> ignore
    arg [-m] ==> ignore
    arg [elf_i386] ==> ignore
    arg [-export-dynamic] ==> ignore
    arg [-dynamic-linker] ==> ignore
    arg [/lib/ld-linux.so.2] ==> ignore
    arg [-o] ==> ignore
    arg [cmTryCompileExec584510029] ==> ignore
    arg [/usr/lib/gcc/i686-redhat-linux/4.8.3/../../../crt1.o] ==> ignore
    arg [/usr/lib/gcc/i686-redhat-linux/4.8.3/../../../crti.o] ==> ignore
    arg [/usr/lib/gcc/i686-redhat-linux/4.8.3/crtbegin.o] ==> ignore
    arg [-L/usr/lib/gcc/i686-redhat-linux/4.8.3] ==> dir [/usr/lib/gcc/i686-redhat-linux/4.8.3]
    arg [-L/usr/lib/gcc/i686-redhat-linux/4.8.3/../../..] ==> dir [/usr/lib/gcc/i686-redhat-linux/4.8.3/../../..]
    arg [CMakeFiles/cmTryCompileExec584510029.dir/CMakeCCompilerABI.c.o] ==> ignore
    arg [-lgcc] ==> lib [gcc]
    arg [--as-needed] ==> ignore
    arg [-lgcc_s] ==> lib [gcc_s]
    arg [--no-as-needed] ==> ignore
    arg [-lc] ==> lib [c]
    arg [-lgcc] ==> lib [gcc]
    arg [--as-needed] ==> ignore
    arg [-lgcc_s] ==> lib [gcc_s]
    arg [--no-as-needed] ==> ignore
    arg [/usr/lib/gcc/i686-redhat-linux/4.8.3/crtend.o] ==> ignore
    arg [/usr/lib/gcc/i686-redhat-linux/4.8.3/../../../crtn.o] ==> ignore
  remove lib [gcc]
  remove lib [gcc_s]
  remove lib [gcc]
  remove lib [gcc_s]
  collapse library dir [/usr/lib/gcc/i686-redhat-linux/4.8.3] ==> [/usr/lib/gcc/i686-redhat-linux/4.8.3]
  collapse library dir [/usr/lib/gcc/i686-redhat-linux/4.8.3/../../..] ==> [/usr/lib]
  implicit libs: [c]
  implicit dirs: [/usr/lib/gcc/i686-redhat-linux/4.8.3;/usr/lib]
  implicit fwks: []


Determining if the CXX compiler works passed with the following output:
Change Dir: /home/ck/TimePass/src/build/CMakeFiles/CMakeTmp

Run Build Command:/usr/bin/gmake "cmTryCompileExec3161716765/fast"
/usr/bin/gmake -f CMakeFiles/cmTryCompileExec3161716765.dir/build.make CMakeFiles/cmTryCompileExec3161716765.dir/build
gmake[1]: 进入目录“/home/ck/TimePass/src/build/CMakeFiles/CMakeTmp”
/usr/bin/cmake -E cmake_progress_report /home/ck/TimePass/src/build/CMakeFiles/CMakeTmp/CMakeFiles 1
Building CXX object CMakeFiles/cmTryCompileExec3161716765.dir/testCXXCompiler.cxx.o
/usr/bin/c++     -o CMakeFiles/cmTryCompileExec3161716765.dir/testCXXCompiler.cxx.o -c /home/ck/TimePass/src/build/CMakeFiles/CMakeTmp/testCXXCompiler.cxx
Linking CXX executable cmTryCompileExec3161716765
/usr/bin/cmake -E cmake_link_script CMakeFiles/cmTryCompileExec3161716765.dir/link.txt --verbose=1
/usr/bin/c++        CMakeFiles/cmTryCompileExec3161716765.dir/testCXXCompiler.cxx.o  -o cmTryCompileExec3161716765 -rdynamic 
gmake[1]: 离开目录“/home/ck/TimePass/src/build/CMakeFiles/CMakeTmp”


Detecting CXX compiler ABI info compiled with the following output:
Change Dir: /home/ck/TimePass/src/build/CMakeFiles/CMakeTmp

Run Build Command:/usr/bin/gmake "cmTryCompileExec1225127303/fast"
/usr/bin/gmake -f CMakeFiles/cmTryCompileExec1225127303.dir/build.make CMakeFiles/cmTryCompileExec1225127303.dir/build
gmake[1]: 进入目录“/home/ck/TimePass/src/build/CMakeFiles/CMakeTmp”
/usr/bin/cmake -E cmake_progress_report /home/ck/TimePass/src/build/CMakeFiles/CMakeTmp/CMakeFiles 1
Building CXX object CMakeFiles/cmTryCompileExec1225127303.dir/CMakeCXXCompilerABI.cpp.o
/usr/bin/c++     -o CMakeFiles/cmTryCompileExec1225127303.dir/CMakeCXXCompilerABI.cpp.o -c /usr/share/cmake/Modules/CMakeCXXCompilerABI.cpp
Linking CXX executable cmTryCompileExec1225127303
/usr/bin/cmake -E cmake_link_script CMakeFiles/cmTryCompileExec1225127303.dir/link.txt --verbose=1
/usr/bin/c++      -v CMakeFiles/cmTryCompileExec1225127303.dir/CMakeCXXCompilerABI.cpp.o  -o cmTryCompileExec1225127303 -rdynamic  
使用内建 specs。
COLLECT_GCC=/usr/bin/c++
COLLECT_LTO_WRAPPER=/usr/libexec/gcc/i686-redhat-linux/4.8.3/lto-wrapper
目标：i686-redhat-linux
配置为：../configure --prefix=/usr --mandir=/usr/share/man --infodir=/usr/share/info --with-bugurl=http://bugzilla.redhat.com/bugzilla --enable-bootstrap --enable-shared --enable-threads=posix --enable-checking=release --with-system-zlib --enable-__cxa_atexit --disable-libunwind-exceptions --enable-gnu-unique-object --enable-linker-build-id --with-linker-hash-style=gnu --enable-languages=c,c++,objc,obj-c++,java,fortran,ada,go,lto --enable-plugin --enable-initfini-array --enable-java-awt=gtk --disable-dssi --with-java-home=/usr/lib/jvm/java-1.5.0-gcj-1.5.0.0/jre --enable-libgcj-multifile --enable-java-maintainer-mode --with-ecj-jar=/usr/share/java/eclipse-ecj.jar --disable-libjava-multilib --with-isl=/builddir/build/BUILD/gcc-4.8.3-20140624/obj-i686-redhat-linux/isl-install --with-cloog=/builddir/build/BUILD/gcc-4.8.3-20140624/obj-i686-redhat-linux/cloog-install --with-tune=generic --with-arch=i686 --build=i686-redhat-linux
线程模型：posix
gcc 版本 4.8.3 20140624 (Red Hat 4.8.3-1) (GCC) 
COMPILER_PATH=/usr/libexec/gcc/i686-redhat-linux/4.8.3/:/usr/libexec/gcc/i686-redhat-linux/4.8.3/:/usr/libexec/gcc/i686-redhat-linux/:/usr/lib/gcc/i686-redhat-linux/4.8.3/:/usr/lib/gcc/i686-redhat-linux/
LIBRARY_PATH=/usr/lib/gcc/i686-redhat-linux/4.8.3/:/usr/lib/gcc/i686-redhat-linux/4.8.3/../../../:/lib/:/usr/lib/
COLLECT_GCC_OPTIONS='-v' '-o' 'cmTryCompileExec1225127303' '-rdynamic' '-shared-libgcc' '-mtune=generic' '-march=i686'
 /usr/libexec/gcc/i686-redhat-linux/4.8.3/collect2 --build-id --no-add-needed --eh-frame-hdr --hash-style=gnu -m elf_i386 -export-dynamic -dynamic-linker /lib/ld-linux.so.2 -o cmTryCompileExec1225127303 /usr/lib/gcc/i686-redhat-linux/4.8.3/../../../crt1.o /usr/lib/gcc/i686-redhat-linux/4.8.3/../../../crti.o /usr/lib/gcc/i686-redhat-linux/4.8.3/crtbegin.o -L/usr/lib/gcc/i686-redhat-linux/4.8.3 -L/usr/lib/gcc/i686-redhat-linux/4.8.3/../../.. CMakeFiles/cmTryCompileExec1225127303.dir/CMakeCXXCompilerABI.cpp.o -lstdc++ -lm -lgcc_s -lgcc -lc -lgcc_s -lgcc /usr/lib/gcc/i686-redhat-linux/4.8.3/crtend.o /usr/lib/gcc/i686-redhat-linux/4.8.3/../../../crtn.o
gmake[1]: 离开目录“/home/ck/TimePass/src/build/CMakeFiles/CMakeTmp”


Parsed CXX implicit link information from above output:
  link line regex: [^( *|.*[/\])(ld|([^/\]+-)?ld|collect2)[^/\]*( |$)]
  ignore line: [Change Dir: /home/ck/TimePass/src/build/CMakeFiles/CMakeTmp]
  ignore line: []
  ignore line: [Run Build Command:/usr/bin/gmake "cmTryCompileExec1225127303/fast"]
  ignore line: [/usr/bin/gmake -f CMakeFiles/cmTryCompileExec1225127303.dir/build.make CMakeFiles/cmTryCompileExec1225127303.dir/build]
  ignore line: [gmake[1]: 进入目录“/home/ck/TimePass/src/build/CMakeFiles/CMakeTmp”]
  ignore line: [/usr/bin/cmake -E cmake_progress_report /home/ck/TimePass/src/build/CMakeFiles/CMakeTmp/CMakeFiles 1]
  ignore line: [Building CXX object CMakeFiles/cmTryCompileExec1225127303.dir/CMakeCXXCompilerABI.cpp.o]
  ignore line: [/usr/bin/c++     -o CMakeFiles/cmTryCompileExec1225127303.dir/CMakeCXXCompilerABI.cpp.o -c /usr/share/cmake/Modules/CMakeCXXCompilerABI.cpp]
  ignore line: [Linking CXX executable cmTryCompileExec1225127303]
  ignore line: [/usr/bin/cmake -E cmake_link_script CMakeFiles/cmTryCompileExec1225127303.dir/link.txt --verbose=1]
  ignore line: [/usr/bin/c++      -v CMakeFiles/cmTryCompileExec1225127303.dir/CMakeCXXCompilerABI.cpp.o  -o cmTryCompileExec1225127303 -rdynamic  ]
  ignore line: [使用内建 specs。]
  ignore line: [COLLECT_GCC=/usr/bin/c++]
  ignore line: [COLLECT_LTO_WRAPPER=/usr/libexec/gcc/i686-redhat-linux/4.8.3/lto-wrapper]
  ignore line: [目标：i686-redhat-linux]
  ignore line: [配置为：../configure --prefix=/usr --mandir=/usr/share/man --infodir=/usr/share/info --with-bugurl=http://bugzilla.redhat.com/bugzilla --enable-bootstrap --enable-shared --enable-threads=posix --enable-checking=release --with-system-zlib --enable-__cxa_atexit --disable-libunwind-exceptions --enable-gnu-unique-object --enable-linker-build-id --with-linker-hash-style=gnu --enable-languages=c,c++,objc,obj-c++,java,fortran,ada,go,lto --enable-plugin --enable-initfini-array --enable-java-awt=gtk --disable-dssi --with-java-home=/usr/lib/jvm/java-1.5.0-gcj-1.5.0.0/jre --enable-libgcj-multifile --enable-java-maintainer-mode --with-ecj-jar=/usr/share/java/eclipse-ecj.jar --disable-libjava-multilib --with-isl=/builddir/build/BUILD/gcc-4.8.3-20140624/obj-i686-redhat-linux/isl-install --with-cloog=/builddir/build/BUILD/gcc-4.8.3-20140624/obj-i686-redhat-linux/cloog-install --with-tune=generic --with-arch=i686 --build=i686-redhat-linux]
  ignore line: [线程模型：posix]
  ignore line: [gcc 版本 4.8.3 20140624 (Red Hat 4.8.3-1) (GCC) ]
  ignore line: [COMPILER_PATH=/usr/libexec/gcc/i686-redhat-linux/4.8.3/:/usr/libexec/gcc/i686-redhat-linux/4.8.3/:/usr/libexec/gcc/i686-redhat-linux/:/usr/lib/gcc/i686-redhat-linux/4.8.3/:/usr/lib/gcc/i686-redhat-linux/]
  ignore line: [LIBRARY_PATH=/usr/lib/gcc/i686-redhat-linux/4.8.3/:/usr/lib/gcc/i686-redhat-linux/4.8.3/../../../:/lib/:/usr/lib/]
  ignore line: [COLLECT_GCC_OPTIONS='-v' '-o' 'cmTryCompileExec1225127303' '-rdynamic' '-shared-libgcc' '-mtune=generic' '-march=i686']
  link line: [ /usr/libexec/gcc/i686-redhat-linux/4.8.3/collect2 --build-id --no-add-needed --eh-frame-hdr --hash-style=gnu -m elf_i386 -export-dynamic -dynamic-linker /lib/ld-linux.so.2 -o cmTryCompileExec1225127303 /usr/lib/gcc/i686-redhat-linux/4.8.3/../../../crt1.o /usr/lib/gcc/i686-redhat-linux/4.8.3/../../../crti.o /usr/lib/gcc/i686-redhat-linux/4.8.3/crtbegin.o -L/usr/lib/gcc/i686-redhat-linux/4.8.3 -L/usr/lib/gcc/i686-redhat-linux/4.8.3/../../.. CMakeFiles/cmTryCompileExec1225127303.dir/CMakeCXXCompilerABI.cpp.o -lstdc++ -lm -lgcc_s -lgcc -lc -lgcc_s -lgcc /usr/lib/gcc/i686-redhat-linux/4.8.3/crtend.o /usr/lib/gcc/i686-redhat-linux/4.8.3/../../../crtn.o]
    arg [/usr/libexec/gcc/i686-redhat-linux/4.8.3/collect2] ==> ignore
    arg [--build-id] ==> ignore
    arg [--no-add-needed] ==> ignore
    arg [--eh-frame-hdr] ==> ignore
    arg [--hash-style=gnu] ==> ignore
    arg [-m] ==> ignore
    arg [elf_i386] ==> ignore
    arg [-export-dynamic] ==> ignore
    arg [-dynamic-linker] ==> ignore
    arg [/lib/ld-linux.so.2] ==> ignore
    arg [-o] ==> ignore
    arg [cmTryCompileExec1225127303] ==> ignore
    arg [/usr/lib/gcc/i686-redhat-linux/4.8.3/../../../crt1.o] ==> ignore
    arg [/usr/lib/gcc/i686-redhat-linux/4.8.3/../../../crti.o] ==> ignore
    arg [/usr/lib/gcc/i686-redhat-linux/4.8.3/crtbegin.o] ==> ignore
    arg [-L/usr/lib/gcc/i686-redhat-linux/4.8.3] ==> dir [/usr/lib/gcc/i686-redhat-linux/4.8.3]
    arg [-L/usr/lib/gcc/i686-redhat-linux/4.8.3/../../..] ==> dir [/usr/lib/gcc/i686-redhat-linux/4.8.3/../../..]
    arg [CMakeFiles/cmTryCompileExec1225127303.dir/CMakeCXXCompilerABI.cpp.o] ==> ignore
    arg [-lstdc++] ==> lib [stdc++]
    arg [-lm] ==> lib [m]
    arg [-lgcc_s] ==> lib [gcc_s]
    arg [-lgcc] ==> lib [gcc]
    arg [-lc] ==> lib [c]
    arg [-lgcc_s] ==> lib [gcc_s]
    arg [-lgcc] ==> lib [gcc]
    arg [/usr/lib/gcc/i686-redhat-linux/4.8.3/crtend.o] ==> ignore
    arg [/usr/lib/gcc/i686-redhat-linux/4.8.3/../../../crtn.o] ==> ignore
  remove lib [gcc_s]
  remove lib [gcc]
  remove lib [gcc_s]
  remove lib [gcc]
  collapse library dir [/usr/lib/gcc/i686-redhat-linux/4.8.3] ==> [/usr/lib/gcc/i686-redhat-linux/4.8.3]
  collapse library dir [/usr/lib/gcc/i686-redhat-linux/4.8.3/../../..] ==> [/usr/lib]
  implicit libs: [stdc++;m;c]
  implicit dirs: [/usr/lib/gcc/i686-redhat-linux/4.8.3;/usr/lib]
  implicit fwks: []


